[debug] [2022-10-01T02:06:39.809Z] ----------------------------------------------------------------------
[debug] [2022-10-01T02:06:39.809Z] Command:       /usr/local/bin/node /usr/local/bin/firebase deploy
[debug] [2022-10-01T02:06:39.810Z] CLI Version:   11.10.0
[debug] [2022-10-01T02:06:39.810Z] Platform:      darwin
[debug] [2022-10-01T02:06:39.810Z] Node Version:  v16.17.0
[debug] [2022-10-01T02:06:39.811Z] Time:          Fri Sep 30 2022 19:06:39 GMT-0700 (Pacific Daylight Time)
[debug] [2022-10-01T02:06:39.811Z] ----------------------------------------------------------------------
[debug] 
[debug] [2022-10-01T02:06:39.844Z] > command requires scopes: ["email","openid","https://www.googleapis.com/auth/cloudplatformprojects.readonly","https://www.googleapis.com/auth/firebase","https://www.googleapis.com/auth/cloud-platform"]
[debug] [2022-10-01T02:06:39.844Z] > authorizing via signed-in user (ozkaralvarez10@gmail.com)
[debug] [2022-10-01T02:06:39.844Z] [iam] checking project personal-portfolio-74573 for permissions ["firebase.projects.get","firebasehosting.sites.update"]
[debug] [2022-10-01T02:06:39.845Z] >>> [apiv2][query] POST https://cloudresourcemanager.googleapis.com/v1/projects/personal-portfolio-74573:testIamPermissions [none]
[debug] [2022-10-01T02:06:39.845Z] >>> [apiv2][(partial)header] POST https://cloudresourcemanager.googleapis.com/v1/projects/personal-portfolio-74573:testIamPermissions x-goog-quota-user=projects/personal-portfolio-74573
[debug] [2022-10-01T02:06:39.845Z] >>> [apiv2][body] POST https://cloudresourcemanager.googleapis.com/v1/projects/personal-portfolio-74573:testIamPermissions {"permissions":["firebase.projects.get","firebasehosting.sites.update"]}
[debug] [2022-10-01T02:06:40.152Z] <<< [apiv2][status] POST https://cloudresourcemanager.googleapis.com/v1/projects/personal-portfolio-74573:testIamPermissions 200
[debug] [2022-10-01T02:06:40.152Z] <<< [apiv2][body] POST https://cloudresourcemanager.googleapis.com/v1/projects/personal-portfolio-74573:testIamPermissions {"permissions":["firebase.projects.get","firebasehosting.sites.update"]}
[debug] [2022-10-01T02:06:40.153Z] >>> [apiv2][query] GET https://firebase.googleapis.com/v1beta1/projects/personal-portfolio-74573 [none]
[debug] [2022-10-01T02:06:40.514Z] <<< [apiv2][status] GET https://firebase.googleapis.com/v1beta1/projects/personal-portfolio-74573 200
[debug] [2022-10-01T02:06:40.514Z] <<< [apiv2][body] GET https://firebase.googleapis.com/v1beta1/projects/personal-portfolio-74573 {"projectId":"personal-portfolio-74573","projectNumber":"680790359640","displayName":"personal-portfolio","name":"projects/personal-portfolio-74573","resources":{"hostingSite":"personal-portfolio-74573"},"state":"ACTIVE","etag":"1_48241606-c380-4825-aaa1-dbc488eff5c1"}
[info] 
[info] === Deploying to 'personal-portfolio-74573'...
[info] 
[info] i  deploying hosting 
[debug] [2022-10-01T02:06:40.516Z] >>> [apiv2][query] GET https://firebase.googleapis.com/v1beta1/projects/personal-portfolio-74573 [none]
[debug] [2022-10-01T02:06:40.870Z] <<< [apiv2][status] GET https://firebase.googleapis.com/v1beta1/projects/personal-portfolio-74573 200
[debug] [2022-10-01T02:06:40.871Z] <<< [apiv2][body] GET https://firebase.googleapis.com/v1beta1/projects/personal-portfolio-74573 {"projectId":"personal-portfolio-74573","projectNumber":"680790359640","displayName":"personal-portfolio","name":"projects/personal-portfolio-74573","resources":{"hostingSite":"personal-portfolio-74573"},"state":"ACTIVE","etag":"1_48241606-c380-4825-aaa1-dbc488eff5c1"}
[debug] [2022-10-01T02:06:40.874Z] >>> [apiv2][query] POST https://firebasehosting.googleapis.com/v1beta1/projects/680790359640/sites/personal-portfolio-74573/versions [none]
[debug] [2022-10-01T02:06:40.874Z] >>> [apiv2][body] POST https://firebasehosting.googleapis.com/v1beta1/projects/680790359640/sites/personal-portfolio-74573/versions {"config":{"rewrites":[{"glob":"**","path":"/index.html"}]},"labels":{"deployment-tool":"cli-firebase"}}
[debug] [2022-10-01T02:06:41.746Z] <<< [apiv2][status] POST https://firebasehosting.googleapis.com/v1beta1/projects/680790359640/sites/personal-portfolio-74573/versions 200
[debug] [2022-10-01T02:06:41.747Z] <<< [apiv2][body] POST https://firebasehosting.googleapis.com/v1beta1/projects/680790359640/sites/personal-portfolio-74573/versions {"name":"projects/680790359640/sites/personal-portfolio-74573/versions/2bfdd3f5b67d6e0f","status":"CREATED","config":{"rewrites":[{"glob":"**","path":"/index.html"}]},"labels":{"deployment-tool":"cli-firebase"}}
[info] i  hosting[personal-portfolio-74573]: beginning deploy... 
[info] i  hosting[personal-portfolio-74573]: found 27 files in build 
[debug] [2022-10-01T02:06:41.758Z] [hosting] uploading with 200 concurrency
[debug] [2022-10-01T02:06:41.867Z] [hosting] hash cache [YnVpbGQ] stored for 27 files
[debug] [2022-10-01T02:06:41.867Z] [hosting][hash queue][FINAL] {"max":101,"min":8,"avg":12.296296296296296,"active":0,"complete":27,"success":27,"errored":0,"retried":0,"total":27,"elapsed":105}
[debug] [2022-10-01T02:06:41.867Z] >>> [apiv2][query] POST https://firebasehosting.googleapis.com/v1beta1/projects/680790359640/sites/personal-portfolio-74573/versions/2bfdd3f5b67d6e0f:populateFiles [none]
[debug] [2022-10-01T02:06:41.867Z] >>> [apiv2][body] POST https://firebasehosting.googleapis.com/v1beta1/projects/680790359640/sites/personal-portfolio-74573/versions/2bfdd3f5b67d6e0f:populateFiles {"files":{"/android-chrome-192x192.png":"87977f8ac728a01dc2afd6d9e6d10cd9fefe2d0f15ecb0a55bf30132a4bc67fa","/browserconfig.xml":"e85bbe5572dbbdf2a762810440c95be503a064d16fb6d934e1616106f3436bee","/apple-touch-icon.png":"9bfe5854f43bd747aeb2dbd8ce95d4a57c6411303b0de8ab7f6ee4aa3e5b20ea","/favicon-16x16.png":"0a9b90fb64cd3ff5c8ab46df93f8ab83d43d9f190941d13ea8976a2bb6f0a6bc","/asset-manifest.json":"ef91c02be8f70369bef78204bdec88a92e5f2e61eea4b616d4c00f127eb2e03c","/favicon-32x32.png":"c92f13d070d783319e17ab672bf222e2e0b3046fc0120e8fa81db6fa62946af6","/index.html":"06254b4cc8c6322035ad7c1c45ac809bcccdc52bc6a5d6c0348cf7378091ffb1","/safari-pinned-tab.svg":"4f22ec8e8b6e41629b3e90eee51374c43fe0f11c0444b69f81340ebbe9a03c95","/android-chrome-512x512.png":"e31ff9211533a6e9da37ef5d861e13c23457853e5260d5a82edf42361a4d10b8","/site.webmanifest":"b1f7d9024813e77fc50d9aa5af5061059e88345f7219d83de5575e24bdbd3f0d","/static/js/main.0a85e078.js.LICENSE.txt":"00839016a211048f185c8d41c91929e8b18813fa7ceae098f916fe5da8cad1cb","/static/css/main.b0f644be.css":"fbd0328f8156f1e99c20ff4048dddc7cb63c47e541610048e2303a9bab4ed099","/mstile-150x150.png":"d69ce26759fb57bcd60e7cf9bbc9e9f6461d339e789e3b6432b4ec08dbd75395","/static/css/main.b0f644be.css.map":"b105b675490b4336aae7b19070dd1f3f8253cf5d2afeb6b7c0e99458f13c818c","/favicon.ico":"30a1ff2985b1de47981b26229e204cc0be8adc13e2dc59afa4538d5573633743","/static/media/cv-generator.fe7af8f8a1ac87afbfd5.webp":"b8e93b2abf3490ac6035c570249837130e55efd5bc520f2bced05b8c71c1a9ea","/static/media/premy.1931ddb4fa621f23e634.webp":"25c41fa3c748a14675138ddcf740898832c62aa5842170d9753e2f52db1f3cf7","/static/media/arm.9c2fb26bbb5ddcb45e3f.webp":"d093e96fad16e413ef2032955ff7511bdc3e99f3ebb1b17e98ce217c6cd9d27d","/static/media/karoz-img.becd8191e50d4390da17.webp":"edf81e766071ad2367798b9d9d05d1c46fc028b397cff2846c8d54e9d6037670","/static/media/contact-avatar.c61354a6758acfa810da.webp":"b9f96faed32cebab578c151702883bfd93f3dd889aaa779928ddc4ed4b83ea8e","/static/media/quiz-app.6db01d99966972e5a656.webp":"faec3290549fb913f2b1a5f29e4f214614e2e2627dbc2eb24c1414991869a1a6","/static/media/sensuro.a25ca8f5af64fc418c2d.webp":"37d7decc7e2cb0fa92ae09845046af9f56fe6b602f95d201af63821fa8ea2373","/static/media/restaurant-page.3e78e7cfa9d0e27a688d.webp":"ea0d7fabd51adc8284330b6af54e4dabb3f5488a5c3b67bd502d97386899a711","/static/media/home-avatar.566710ca1731d3c28662.webp":"1cd0b50a75f65a8f6afd51bb33e0a20b68aae85013db3c32903f0d5f8b4ce4c8","/static/media/about-avatar.4b1f8c70664ef7adf872.webp":"37db8adbbbade8ae8b47413741783bc70fa0ce0c576bf54bb6cf5869e1b25c08","/static/js/main.0a85e078.js":"6e117106dac420cd061a8e6a4a16b57b598bfa28b79971b2d8af078eb97fa5df","/static/js/main.0a85e078.js.map":"236092e441f264b3cb5704115fcaee78d39d529b1a44359744846ea9b6a265ae"}}
[debug] [2022-10-01T02:06:42.458Z] <<< [apiv2][status] POST https://firebasehosting.googleapis.com/v1beta1/projects/680790359640/sites/personal-portfolio-74573/versions/2bfdd3f5b67d6e0f:populateFiles 200
[debug] [2022-10-01T02:06:42.459Z] <<< [apiv2][body] POST https://firebasehosting.googleapis.com/v1beta1/projects/680790359640/sites/personal-portfolio-74573/versions/2bfdd3f5b67d6e0f:populateFiles {"uploadRequiredHashes":["06254b4cc8c6322035ad7c1c45ac809bcccdc52bc6a5d6c0348cf7378091ffb1"],"uploadUrl":"https://upload-firebasehosting.googleapis.com/upload/sites/personal-portfolio-74573/versions/2bfdd3f5b67d6e0f/files"}
[debug] [2022-10-01T02:06:42.459Z] >>> [apiv2][query] POST https://upload-firebasehosting.googleapis.com/upload/sites/personal-portfolio-74573/versions/2bfdd3f5b67d6e0f/files/06254b4cc8c6322035ad7c1c45ac809bcccdc52bc6a5d6c0348cf7378091ffb1 [none]
[debug] [2022-10-01T02:06:42.459Z] >>> [apiv2][body] POST https://upload-firebasehosting.googleapis.com/upload/sites/personal-portfolio-74573/versions/2bfdd3f5b67d6e0f/files/06254b4cc8c6322035ad7c1c45ac809bcccdc52bc6a5d6c0348cf7378091ffb1 [stream]
[debug] [2022-10-01T02:06:42.460Z] [hosting][populate queue][FINAL] {"max":593,"min":593,"avg":593,"active":0,"complete":1,"success":1,"errored":0,"retried":0,"total":1,"elapsed":594}
[debug] [2022-10-01T02:06:42.460Z] [hosting] uploads queued: 1
